# JRE version: Java(TM) SE Runtime Environment (8.0_211-b12) (build 1.8.0_211-b12)
# Java VM: Java HotSpot(TM) 64-Bit Server VM (25.211-b12 mixed mode windows-amd64 compressed oops)
Heap:
 PSYoungGen      total 39424K, used 24127K [0x00000000d5f00000, 0x00000000dac00000, 0x0000000100000000)
  eden space 32256K, 57% used [0x00000000d5f00000,0x00000000d7137ff8,0x00000000d7e80000)
  from space 7168K, 76% used [0x00000000d7e80000,0x00000000d83d7eb0,0x00000000d8580000)
  to   space 7168K, 0% used [0x00000000da500000,0x00000000da500000,0x00000000dac00000)
 ParOldGen       total 87552K, used 3514K [0x0000000081c00000, 0x0000000087180000, 0x00000000d5f00000)
  object space 87552K, 4% used [0x0000000081c00000,0x0000000081f6e8e8,0x0000000087180000)
 Metaspace       used 18315K, capacity 19360K, committed 19584K, reserved 1064960K
  class space    used 3739K, capacity 4182K, committed 4224K, reserved 1048576K
GC Heap History (10 events):
Event: 2.976 GC heap before
{Heap before GC invocations=3 (full 0):
 PSYoungGen      total 38400K, used 37788K [0x00000000d5f00000, 0x00000000d8980000, 0x0000000100000000)
  eden space 33280K, 100% used [0x00000000d5f00000,0x00000000d7f80000,0x00000000d7f80000)
  from space 5120K, 88% used [0x00000000d8480000,0x00000000d88e7130,0x00000000d8980000)
  to   space 5120K, 0% used [0x00000000d7f80000,0x00000000d7f80000,0x00000000d8480000)
 ParOldGen       total 87552K, used 16K [0x0000000081c00000, 0x0000000087180000, 0x00000000d5f00000)
  object space 87552K, 0% used [0x0000000081c00000,0x0000000081c04000,0x0000000087180000)
 Metaspace       used 11409K, capacity 11530K, committed 11904K, reserved 1058816K
  class space    used 2234K, capacity 2305K, committed 2432K, reserved 1048576K
Event: 2.981 GC heap after
Heap after GC invocations=3 (full 0):
 PSYoungGen      total 38400K, used 4809K [0x00000000d5f00000, 0x00000000d8980000, 0x0000000100000000)
  eden space 33280K, 0% used [0x00000000d5f00000,0x00000000d5f00000,0x00000000d7f80000)
  from space 5120K, 93% used [0x00000000d7f80000,0x00000000d8432518,0x00000000d8480000)
  to   space 5120K, 0% used [0x00000000d8480000,0x00000000d8480000,0x00000000d8980000)
 ParOldGen       total 87552K, used 24K [0x0000000081c00000, 0x0000000087180000, 0x00000000d5f00000)
  object space 87552K, 0% used [0x0000000081c00000,0x0000000081c06000,0x0000000087180000)
 Metaspace       used 11409K, capacity 11530K, committed 11904K, reserved 1058816K
  class space    used 2234K, capacity 2305K, committed 2432K, reserved 1048576K
}
Event: 3.914 GC heap before
{Heap before GC invocations=4 (full 0):
 PSYoungGen      total 38400K, used 38089K [0x00000000d5f00000, 0x00000000d8980000, 0x0000000100000000)
  eden space 33280K, 100% used [0x00000000d5f00000,0x00000000d7f80000,0x00000000d7f80000)
  from space 5120K, 93% used [0x00000000d7f80000,0x00000000d8432518,0x00000000d8480000)
  to   space 5120K, 0% used [0x00000000d8480000,0x00000000d8480000,0x00000000d8980000)
 ParOldGen       total 87552K, used 24K [0x0000000081c00000, 0x0000000087180000, 0x00000000d5f00000)
  object space 87552K, 0% used [0x0000000081c00000,0x0000000081c06000,0x0000000087180000)
 Metaspace       used 14359K, capacity 14572K, committed 14720K, reserved 1060864K
  class space    used 2832K, capacity 2919K, committed 2944K, reserved 1048576K
Event: 3.923 GC heap after
Heap after GC invocations=4 (full 0):
 PSYoungGen      total 38400K, used 5111K [0x00000000d5f00000, 0x00000000d8980000, 0x0000000100000000)
  eden space 33280K, 0% used [0x00000000d5f00000,0x00000000d5f00000,0x00000000d7f80000)
  from space 5120K, 99% used [0x00000000d8480000,0x00000000d897df30,0x00000000d8980000)
  to   space 5120K, 0% used [0x00000000d7f80000,0x00000000d7f80000,0x00000000d8480000)
 ParOldGen       total 87552K, used 829K [0x0000000081c00000, 0x0000000087180000, 0x00000000d5f00000)
  object space 87552K, 0% used [0x0000000081c00000,0x0000000081ccf7f0,0x0000000087180000)
 Metaspace       used 14359K, capacity 14572K, committed 14720K, reserved 1060864K
  class space    used 2832K, capacity 2919K, committed 2944K, reserved 1048576K
}
Event: 5.303 GC heap before
{Heap before GC invocations=5 (full 0):
 PSYoungGen      total 38400K, used 38391K [0x00000000d5f00000, 0x00000000d8980000, 0x0000000100000000)
  eden space 33280K, 100% used [0x00000000d5f00000,0x00000000d7f80000,0x00000000d7f80000)
  from space 5120K, 99% used [0x00000000d8480000,0x00000000d897df30,0x00000000d8980000)
  to   space 5120K, 0% used [0x00000000d7f80000,0x00000000d7f80000,0x00000000d8480000)
 ParOldGen       total 87552K, used 829K [0x0000000081c00000, 0x0000000087180000, 0x00000000d5f00000)
  object space 87552K, 0% used [0x0000000081c00000,0x0000000081ccf7f0,0x0000000087180000)
 Metaspace       used 15654K, capacity 16228K, committed 16512K, reserved 1062912K
  class space    used 3093K, capacity 3395K, committed 3456K, reserved 1048576K
Event: 5.322 GC heap after
Heap after GC invocations=5 (full 0):
 PSYoungGen      total 37888K, used 5095K [0x00000000d5f00000, 0x00000000d8c00000, 0x0000000100000000)
  eden space 32768K, 0% used [0x00000000d5f00000,0x00000000d5f00000,0x00000000d7f00000)
  from space 5120K, 99% used [0x00000000d7f80000,0x00000000d8479f60,0x00000000d8480000)
  to   space 6656K, 0% used [0x00000000d8580000,0x00000000d8580000,0x00000000d8c00000)
 ParOldGen       total 87552K, used 1132K [0x0000000081c00000, 0x0000000087180000, 0x00000000d5f00000)
  object space 87552K, 1% used [0x0000000081c00000,0x0000000081d1b378,0x0000000087180000)
 Metaspace       used 15654K, capacity 16228K, committed 16512K, reserved 1062912K
  class space    used 3093K, capacity 3395K, committed 3456K, reserved 1048576K
}
Event: 6.691 GC heap before
{Heap before GC invocations=6 (full 0):
 PSYoungGen      total 37888K, used 37863K [0x00000000d5f00000, 0x00000000d8c00000, 0x0000000100000000)
  eden space 32768K, 100% used [0x00000000d5f00000,0x00000000d7f00000,0x00000000d7f00000)
  from space 5120K, 99% used [0x00000000d7f80000,0x00000000d8479f60,0x00000000d8480000)
  to   space 6656K, 0% used [0x00000000d8580000,0x00000000d8580000,0x00000000d8c00000)
 ParOldGen       total 87552K, used 1132K [0x0000000081c00000, 0x0000000087180000, 0x00000000d5f00000)
  object space 87552K, 1% used [0x0000000081c00000,0x0000000081d1b378,0x0000000087180000)
 Metaspace       used 16376K, capacity 17174K, committed 17280K, reserved 1062912K
  class space    used 3268K, capacity 3637K, committed 3712K, reserved 1048576K
Event: 6.747 GC heap after
Heap after GC invocations=6 (full 0):
 PSYoungGen      total 38912K, used 5936K [0x00000000d5f00000, 0x00000000dad00000, 0x0000000100000000)
  eden space 32256K, 0% used [0x00000000d5f00000,0x00000000d5f00000,0x00000000d7e80000)
  from space 6656K, 89% used [0x00000000d8580000,0x00000000d8b4c3d8,0x00000000d8c00000)
  to   space 7168K, 0% used [0x00000000d7e80000,0x00000000d7e80000,0x00000000d8580000)
 ParOldGen       total 87552K, used 1140K [0x0000000081c00000, 0x0000000087180000, 0x00000000d5f00000)
  object space 87552K, 1% used [0x0000000081c00000,0x0000000081d1d378,0x0000000087180000)
 Metaspace       used 16376K, capacity 17174K, committed 17280K, reserved 1062912K
  class space    used 3268K, capacity 3637K, committed 3712K, reserved 1048576K
}
Event: 7.280 GC heap before
{Heap before GC invocations=7 (full 0):
 PSYoungGen      total 38912K, used 38192K [0x00000000d5f00000, 0x00000000dad00000, 0x0000000100000000)
  eden space 32256K, 100% used [0x00000000d5f00000,0x00000000d7e80000,0x00000000d7e80000)
  from space 6656K, 89% used [0x00000000d8580000,0x00000000d8b4c3d8,0x00000000d8c00000)
  to   space 7168K, 0% used [0x00000000d7e80000,0x00000000d7e80000,0x00000000d8580000)
 ParOldGen       total 87552K, used 1140K [0x0000000081c00000, 0x0000000087180000, 0x00000000d5f00000)
  object space 87552K, 1% used [0x0000000081c00000,0x0000000081d1d378,0x0000000087180000)
 Metaspace       used 17900K, capacity 18638K, committed 18944K, reserved 1064960K
  class space    used 3659K, capacity 4041K, committed 4096K, reserved 1048576K
Event: 7.292 GC heap after
Heap after GC invocations=7 (full 0):
 PSYoungGen      total 39424K, used 5471K [0x00000000d5f00000, 0x00000000dac00000, 0x0000000100000000)
  eden space 32256K, 0% used [0x00000000d5f00000,0x00000000d5f00000,0x00000000d7e80000)
  from space 7168K, 76% used [0x00000000d7e80000,0x00000000d83d7eb0,0x00000000d8580000)
  to   space 7168K, 0% used [0x00000000da500000,0x00000000da500000,0x00000000dac00000)
 ParOldGen       total 87552K, used 3514K [0x0000000081c00000, 0x0000000087180000, 0x00000000d5f00000)
  object space 87552K, 4% used [0x0000000081c00000,0x0000000081f6e8e8,0x0000000087180000)
 Metaspace       used 17900K, capacity 18638K, committed 18944K, reserved 1064960K
  class space    used 3659K, capacity 4041K, committed 4096K, reserved 1048576K
}

